<?xml version="1.0" encoding="UTF-8"?>
<!-- Generated by org.testng.reporters.JUnitXMLReporter -->
<testsuite hostname="DESKTOP-J2S5NQC" ignored="0" name="Default test" tests="3" failures="0" timestamp="15 Oct 2018 17:00:22 GMT" time="122.452" errors="0">
  <testcase name="CreateEducation" time="36.535" classname="StudyAbroad.Education"/>
  <testcase name="editeducation" time="7.05" classname="StudyAbroad.Education"/>
  <testcase name="deleteeducation" time="4.726" classname="StudyAbroad.Education"/>
</testsuite> <!-- Default test -->
