<?xml version="1.0" encoding="UTF-8"?>
<!-- Generated by org.testng.reporters.JUnitXMLReporter -->
<testsuite hostname="DESKTOP-J2S5NQC" ignored="0" name="Education " tests="3" failures="0" timestamp="16 Oct 2018 15:08:58 GMT" time="58.301" errors="0">
  <testcase name="CreateEducation" time="26.486" classname="StudyAbroad.Education"/>
  <testcase name="editeducation" time="8.65" classname="StudyAbroad.Education"/>
  <testcase name="deleteeducation" time="6.301" classname="StudyAbroad.Education"/>
</testsuite> <!-- Education  -->
