<?xml version="1.0" encoding="UTF-8"?>
<!-- Generated by org.testng.reporters.JUnitXMLReporter -->
<testsuite hostname="DESKTOP-J2S5NQC" ignored="0" name="Education " tests="3" failures="0" timestamp="18 Oct 2018 10:51:50 GMT" time="81.674" errors="0">
  <testcase name="CreateEducation" time="33.685" classname="StudyAbroad.Education"/>
  <testcase name="editeducation" time="8.934" classname="StudyAbroad.Education"/>
  <testcase name="deleteeducation" time="6.471" classname="StudyAbroad.Education"/>
</testsuite> <!-- Education  -->
