<?xml version="1.0" encoding="UTF-8"?>
<testng-results skipped="0" failed="0" ignored="0" total="1" passed="1">
  <reporter-output>
  </reporter-output>
  <suite name="Default suite" duration-ms="37118" started-at="2018-11-03T09:20:44Z" finished-at="2018-11-03T09:21:21Z">
    <groups>
    </groups>
    <test name="Default test" duration-ms="37118" started-at="2018-11-03T09:20:44Z" finished-at="2018-11-03T09:21:21Z">
      <class name="StudyAbroad.Course">
        <test-method status="PASS" signature="initialize()[pri:0, instance:StudyAbroad.Course@68e965f5]" name="initialize" is-config="true" duration-ms="26216" started-at="2018-11-03T09:20:44Z" finished-at="2018-11-03T09:21:10Z">
          <reporter-output>
          </reporter-output>
        </test-method> <!-- initialize -->
        <test-method status="PASS" signature="CreateCourse()[pri:1, instance:StudyAbroad.Course@68e965f5]" name="CreateCourse" duration-ms="10861" started-at="2018-11-03T09:21:10Z" finished-at="2018-11-03T09:21:21Z">
          <reporter-output>
          </reporter-output>
        </test-method> <!-- CreateCourse -->
      </class> <!-- StudyAbroad.Course -->
    </test> <!-- Default test -->
  </suite> <!-- Default suite -->
</testng-results>
