<?xml version="1.0" encoding="UTF-8"?>
<testng-results skipped="0" failed="0" ignored="0" total="4" passed="4">
  <reporter-output>
  </reporter-output>
  <suite name="Suite" duration-ms="83847" started-at="2018-10-16T15:07:59Z" finished-at="2018-10-16T15:09:23Z">
    <groups>
    </groups>
    <test name="Education " duration-ms="58301" started-at="2018-10-16T15:07:59Z" finished-at="2018-10-16T15:08:57Z">
      <class name="StudyAbroad.Education">
        <test-method status="PASS" signature="initialize()[pri:0, instance:StudyAbroad.Education@4e268090]" name="initialize" is-config="true" duration-ms="16535" started-at="2018-10-16T15:07:59Z" finished-at="2018-10-16T15:08:15Z">
          <reporter-output>
          </reporter-output>
        </test-method> <!-- initialize -->
        <test-method status="PASS" signature="CreateEducation()[pri:0, instance:StudyAbroad.Education@4e268090]" name="CreateEducation" duration-ms="26486" started-at="2018-10-16T15:08:16Z" finished-at="2018-10-16T15:08:42Z">
          <reporter-output>
          </reporter-output>
        </test-method> <!-- CreateEducation -->
        <test-method status="PASS" signature="editeducation()[pri:0, instance:StudyAbroad.Education@4e268090]" name="editeducation" duration-ms="8650" started-at="2018-10-16T15:08:42Z" finished-at="2018-10-16T15:08:51Z">
          <reporter-output>
          </reporter-output>
        </test-method> <!-- editeducation -->
        <test-method status="PASS" signature="deleteeducation()[pri:0, instance:StudyAbroad.Education@4e268090]" name="deleteeducation" duration-ms="6301" started-at="2018-10-16T15:08:51Z" depends-on-methods="StudyAbroad.Education.editeducation" finished-at="2018-10-16T15:08:57Z">
          <reporter-output>
          </reporter-output>
        </test-method> <!-- deleteeducation -->
      </class> <!-- StudyAbroad.Education -->
    </test> <!-- Education  -->
    <test name="Validating title in the Page" duration-ms="24404" started-at="2018-10-16T15:08:58Z" finished-at="2018-10-16T15:09:22Z">
      <class name="StudyAbroad.validatetitle">
        <test-method status="PASS" signature="initialize()[pri:0, instance:StudyAbroad.validatetitle@68c72235]" name="initialize" is-config="true" duration-ms="17429" started-at="2018-10-16T15:08:58Z" finished-at="2018-10-16T15:09:16Z">
          <reporter-output>
          </reporter-output>
        </test-method> <!-- initialize -->
        <test-method status="PASS" signature="validateAppTitle()[pri:0, instance:StudyAbroad.validatetitle@68c72235]" name="validateAppTitle" duration-ms="59" started-at="2018-10-16T15:09:16Z" finished-at="2018-10-16T15:09:16Z">
          <reporter-output>
          </reporter-output>
        </test-method> <!-- validateAppTitle -->
        <test-method status="PASS" signature="teardown()[pri:0, instance:StudyAbroad.validatetitle@68c72235]" name="teardown" is-config="true" duration-ms="6911" started-at="2018-10-16T15:09:16Z" finished-at="2018-10-16T15:09:22Z">
          <reporter-output>
          </reporter-output>
        </test-method> <!-- teardown -->
      </class> <!-- StudyAbroad.validatetitle -->
    </test> <!-- Validating title in the Page -->
    <test name="App Testing" duration-ms="0" started-at="2018-10-16T15:09:23Z" finished-at="2018-10-16T15:09:23Z">
    </test> <!-- App Testing -->
  </suite> <!-- Suite -->
</testng-results>
